<?xml version="1.0" encoding="UTF-8"?>
<!-- Generated by org.testng.reporters.JUnitReportReporter -->
<testsuite skipped="0" hostname="NIBEDITASAHOO" name="co.magento.stepDef.HomePageSteps" tests="1" failures="0" timestamp="19 Sep 2018 19:27:17 GMT" time="26.076" errors="0">
  <testcase name="firstTest" time="26.076" classname="co.magento.stepDef.HomePageSteps"/>
</testsuite> <!-- co.magento.stepDef.HomePageSteps -->
